<?xml version="1.0" encoding="UTF-8"?>
<!-- Generated by org.testng.reporters.JUnitXMLReporter -->
<testsuite ignored="0" hostname="LAPTOP-8RV38O9L" failures="0" tests="56" name="Test" time="4.652" errors="0" timestamp="2024-04-22T16:12:43 IST">
  <testcase classname="TestCase.CheckOutOverviewTestCase" name="@BeforeMethod Setup" time="1.206">
    <failure type="io.github.bonigarcia.wdm.config.WebDriverManagerException" message="java.lang.NumberFormatException: For input string: &amp;quot;public&amp;quot;">
      <![CDATA[io.github.bonigarcia.wdm.config.WebDriverManagerException: java.lang.NumberFormatException: For input string: "public"
at io.github.bonigarcia.wdm.WebDriverManager.handleException(WebDriverManager.java:1445)
at io.github.bonigarcia.wdm.WebDriverManager.manage(WebDriverManager.java:1205)
at io.github.bonigarcia.wdm.WebDriverManager.fallback(WebDriverManager.java:1461)
at io.github.bonigarcia.wdm.WebDriverManager.handleException(WebDriverManager.java:1442)
at io.github.bonigarcia.wdm.WebDriverManager.manage(WebDriverManager.java:1205)
at io.github.bonigarcia.wdm.WebDriverManager.handleException(WebDriverManager.java:1435)
at io.github.bonigarcia.wdm.WebDriverManager.manage(WebDriverManager.java:1205)
at io.github.bonigarcia.wdm.WebDriverManager.setup(WebDriverManager.java:427)
at TestCase.CheckOutOverviewTestCase.Setup(CheckOutOverviewTestCase.java:25)
at java.base/java.util.ArrayList.forEach(ArrayList.java:1511)
Caused by: java.lang.NumberFormatException: For input string: "public"
at java.base/java.lang.NumberFormatException.forInputString(NumberFormatException.java:67)
at java.base/java.lang.Integer.parseInt(Integer.java:668)
at java.base/java.lang.Integer.parseInt(Integer.java:786)
at io.github.bonigarcia.wdm.managers.ChromeDriverManager.buildUrl(ChromeDriverManager.java:178)
at io.github.bonigarcia.wdm.managers.ChromeDriverManager.buildUrl(ChromeDriverManager.java:155)
at io.github.bonigarcia.wdm.WebDriverManager.download(WebDriverManager.java:1282)
at io.github.bonigarcia.wdm.WebDriverManager.manage(WebDriverManager.java:1199)
... 39 more
... Removed 31 stack frames]]>
    </failure>
  </testcase> <!-- @BeforeMethod Setup -->
  <testcase classname="TestCase.CheckOutOverviewTestCase" name="@AfterMethod TearDown" time="0.0">
    <skipped/>
  </testcase> <!-- @AfterMethod TearDown -->
  <testcase classname="TestCase.CheckOutOverviewTestCase" name="@BeforeMethod Setup" time="0.0">
    <skipped/>
  </testcase> <!-- @BeforeMethod Setup -->
  <testcase classname="TestCase.CheckOutOverviewTestCase" name="@AfterMethod TearDown" time="0.0">
    <skipped/>
  </testcase> <!-- @AfterMethod TearDown -->
  <testcase classname="TestCase.CheckOutOverviewTestCase" name="@BeforeMethod Setup" time="0.0">
    <skipped/>
  </testcase> <!-- @BeforeMethod Setup -->
  <testcase classname="TestCase.CheckOutOverviewTestCase" name="@AfterMethod TearDown" time="0.0">
    <skipped/>
  </testcase> <!-- @AfterMethod TearDown -->
  <testcase classname="TestCase.CheckOutOverviewTestCase" name="@BeforeMethod Setup" time="0.0">
    <skipped/>
  </testcase> <!-- @BeforeMethod Setup -->
  <testcase classname="TestCase.CheckOutOverviewTestCase" name="@AfterMethod TearDown" time="0.0">
    <skipped/>
  </testcase> <!-- @AfterMethod TearDown -->
  <testcase classname="TestCase.CheckOutOverviewTestCase" name="@BeforeMethod Setup" time="0.0">
    <skipped/>
  </testcase> <!-- @BeforeMethod Setup -->
  <testcase classname="TestCase.CheckOutOverviewTestCase" name="@AfterMethod TearDown" time="0.0">
    <skipped/>
  </testcase> <!-- @AfterMethod TearDown -->
  <testcase classname="TestCase.CheckOutOverviewTestCase" name="@BeforeMethod Setup" time="0.0">
    <skipped/>
  </testcase> <!-- @BeforeMethod Setup -->
  <testcase classname="TestCase.CheckOutOverviewTestCase" name="@AfterMethod TearDown" time="0.0">
    <skipped/>
  </testcase> <!-- @AfterMethod TearDown -->
  <testcase classname="TestCase.CheckOutOverviewTestCase" name="@BeforeMethod Setup" time="0.0">
    <skipped/>
  </testcase> <!-- @BeforeMethod Setup -->
  <testcase classname="TestCase.CheckOutOverviewTestCase" name="@AfterMethod TearDown" time="0.0">
    <skipped/>
  </testcase> <!-- @AfterMethod TearDown -->
  <testcase classname="TestCase.CheckOutOverviewTestCase" name="@BeforeMethod Setup" time="0.0">
    <skipped/>
  </testcase> <!-- @BeforeMethod Setup -->
  <testcase classname="TestCase.CheckOutOverviewTestCase" name="@AfterMethod TearDown" time="0.0">
    <skipped/>
  </testcase> <!-- @AfterMethod TearDown -->
  <testcase classname="TestCase.CheckOutOverviewTestCase" name="@BeforeMethod Setup" time="0.0">
    <skipped/>
  </testcase> <!-- @BeforeMethod Setup -->
  <testcase classname="TestCase.CheckOutOverviewTestCase" name="@AfterMethod TearDown" time="0.0">
    <skipped/>
  </testcase> <!-- @AfterMethod TearDown -->
  <testcase classname="TestCase.CheckOutOverviewTestCase" name="@BeforeMethod Setup" time="0.0">
    <skipped/>
  </testcase> <!-- @BeforeMethod Setup -->
  <testcase classname="TestCase.CheckOutOverviewTestCase" name="@AfterMethod TearDown" time="0.0">
    <skipped/>
  </testcase> <!-- @AfterMethod TearDown -->
  <testcase classname="TestCase.CheckOutOverviewTestCase" name="@BeforeMethod Setup" time="0.0">
    <skipped/>
  </testcase> <!-- @BeforeMethod Setup -->
  <testcase classname="TestCase.CheckOutOverviewTestCase" name="@AfterMethod TearDown" time="0.0">
    <skipped/>
  </testcase> <!-- @AfterMethod TearDown -->
  <testcase classname="TestCase.CartTestCase" name="@BeforeMethod Setup" time="0.723">
    <failure type="io.github.bonigarcia.wdm.config.WebDriverManagerException" message="java.lang.NumberFormatException: For input string: &amp;quot;public&amp;quot;">
      <![CDATA[io.github.bonigarcia.wdm.config.WebDriverManagerException: java.lang.NumberFormatException: For input string: "public"
at io.github.bonigarcia.wdm.WebDriverManager.handleException(WebDriverManager.java:1445)
at io.github.bonigarcia.wdm.WebDriverManager.manage(WebDriverManager.java:1205)
at io.github.bonigarcia.wdm.WebDriverManager.fallback(WebDriverManager.java:1461)
at io.github.bonigarcia.wdm.WebDriverManager.handleException(WebDriverManager.java:1442)
at io.github.bonigarcia.wdm.WebDriverManager.manage(WebDriverManager.java:1205)
at io.github.bonigarcia.wdm.WebDriverManager.handleException(WebDriverManager.java:1435)
at io.github.bonigarcia.wdm.WebDriverManager.manage(WebDriverManager.java:1205)
at io.github.bonigarcia.wdm.WebDriverManager.setup(WebDriverManager.java:427)
at TestCase.CartTestCase.Setup(CartTestCase.java:20)
at java.base/java.util.ArrayList.forEach(ArrayList.java:1511)
Caused by: java.lang.NumberFormatException: For input string: "public"
at java.base/java.lang.NumberFormatException.forInputString(NumberFormatException.java:67)
at java.base/java.lang.Integer.parseInt(Integer.java:668)
at java.base/java.lang.Integer.parseInt(Integer.java:786)
at io.github.bonigarcia.wdm.managers.ChromeDriverManager.buildUrl(ChromeDriverManager.java:178)
at io.github.bonigarcia.wdm.managers.ChromeDriverManager.buildUrl(ChromeDriverManager.java:155)
at io.github.bonigarcia.wdm.WebDriverManager.download(WebDriverManager.java:1282)
at io.github.bonigarcia.wdm.WebDriverManager.manage(WebDriverManager.java:1199)
... 39 more
... Removed 31 stack frames]]>
    </failure>
  </testcase> <!-- @BeforeMethod Setup -->
  <testcase classname="TestCase.CartTestCase" name="@BeforeMethod Setup" time="0.0">
    <skipped/>
  </testcase> <!-- @BeforeMethod Setup -->
  <testcase classname="TestCase.CartTestCase" name="@BeforeMethod Setup" time="0.0">
    <skipped/>
  </testcase> <!-- @BeforeMethod Setup -->
  <testcase classname="TestCase.CartTestCase" name="@BeforeMethod Setup" time="0.0">
    <skipped/>
  </testcase> <!-- @BeforeMethod Setup -->
  <testcase classname="TestCase.CartTestCase" name="@BeforeMethod Setup" time="0.0">
    <skipped/>
  </testcase> <!-- @BeforeMethod Setup -->
  <testcase classname="TestCase.CartTestCase" name="@BeforeMethod Setup" time="0.0">
    <skipped/>
  </testcase> <!-- @BeforeMethod Setup -->
  <testcase classname="TestCase.CartTestCase" name="@BeforeMethod Setup" time="0.0">
    <skipped/>
  </testcase> <!-- @BeforeMethod Setup -->
  <testcase classname="TestCase.CartTestCase" name="@BeforeMethod Setup" time="0.0">
    <skipped/>
  </testcase> <!-- @BeforeMethod Setup -->
  <testcase classname="TestCase.CartTestCase" name="@BeforeMethod Setup" time="0.0">
    <skipped/>
  </testcase> <!-- @BeforeMethod Setup -->
  <testcase classname="TestCase.CartTestCase" name="@BeforeMethod Setup" time="0.0">
    <skipped/>
  </testcase> <!-- @BeforeMethod Setup -->
  <testcase classname="TestCase.CartTestCase" name="@BeforeMethod Setup" time="0.0">
    <skipped/>
  </testcase> <!-- @BeforeMethod Setup -->
  <testcase classname="TestCase.CartTestCase" name="@BeforeMethod Setup" time="0.0">
    <skipped/>
  </testcase> <!-- @BeforeMethod Setup -->
  <testcase classname="TestCase.CartTestCase" name="@BeforeMethod Setup" time="0.0">
    <skipped/>
  </testcase> <!-- @BeforeMethod Setup -->
  <testcase classname="TestCase.CartTestCase" name="@BeforeMethod Setup" time="0.0">
    <skipped/>
  </testcase> <!-- @BeforeMethod Setup -->
  <testcase classname="TestCase.CheckoutCompleteTestCase" name="@BeforeMethod Setup" time="0.496">
    <failure type="io.github.bonigarcia.wdm.config.WebDriverManagerException" message="java.lang.NumberFormatException: For input string: &amp;quot;public&amp;quot;">
      <![CDATA[io.github.bonigarcia.wdm.config.WebDriverManagerException: java.lang.NumberFormatException: For input string: "public"
at io.github.bonigarcia.wdm.WebDriverManager.handleException(WebDriverManager.java:1445)
at io.github.bonigarcia.wdm.WebDriverManager.manage(WebDriverManager.java:1205)
at io.github.bonigarcia.wdm.WebDriverManager.fallback(WebDriverManager.java:1461)
at io.github.bonigarcia.wdm.WebDriverManager.handleException(WebDriverManager.java:1442)
at io.github.bonigarcia.wdm.WebDriverManager.manage(WebDriverManager.java:1205)
at io.github.bonigarcia.wdm.WebDriverManager.handleException(WebDriverManager.java:1435)
at io.github.bonigarcia.wdm.WebDriverManager.manage(WebDriverManager.java:1205)
at io.github.bonigarcia.wdm.WebDriverManager.setup(WebDriverManager.java:427)
at TestCase.CheckoutCompleteTestCase.Setup(CheckoutCompleteTestCase.java:26)
at java.base/java.util.ArrayList.forEach(ArrayList.java:1511)
Caused by: java.lang.NumberFormatException: For input string: "public"
at java.base/java.lang.NumberFormatException.forInputString(NumberFormatException.java:67)
at java.base/java.lang.Integer.parseInt(Integer.java:668)
at java.base/java.lang.Integer.parseInt(Integer.java:786)
at io.github.bonigarcia.wdm.managers.ChromeDriverManager.buildUrl(ChromeDriverManager.java:178)
at io.github.bonigarcia.wdm.managers.ChromeDriverManager.buildUrl(ChromeDriverManager.java:155)
at io.github.bonigarcia.wdm.WebDriverManager.download(WebDriverManager.java:1282)
at io.github.bonigarcia.wdm.WebDriverManager.manage(WebDriverManager.java:1199)
... 39 more
... Removed 31 stack frames]]>
    </failure>
  </testcase> <!-- @BeforeMethod Setup -->
  <testcase classname="TestCase.CheckoutCompleteTestCase" name="@AfterMethod TearDown" time="0.0">
    <skipped/>
  </testcase> <!-- @AfterMethod TearDown -->
  <testcase classname="TestCase.CheckoutCompleteTestCase" name="@BeforeMethod Setup" time="0.0">
    <skipped/>
  </testcase> <!-- @BeforeMethod Setup -->
  <testcase classname="TestCase.CheckoutCompleteTestCase" name="@AfterMethod TearDown" time="0.0">
    <skipped/>
  </testcase> <!-- @AfterMethod TearDown -->
  <testcase classname="TestCase.LoginTestCase" name="@BeforeMethod Setup" time="0.624">
    <failure type="io.github.bonigarcia.wdm.config.WebDriverManagerException" message="java.lang.NumberFormatException: For input string: &amp;quot;public&amp;quot;">
      <![CDATA[io.github.bonigarcia.wdm.config.WebDriverManagerException: java.lang.NumberFormatException: For input string: "public"
at io.github.bonigarcia.wdm.WebDriverManager.handleException(WebDriverManager.java:1445)
at io.github.bonigarcia.wdm.WebDriverManager.manage(WebDriverManager.java:1205)
at io.github.bonigarcia.wdm.WebDriverManager.fallback(WebDriverManager.java:1461)
at io.github.bonigarcia.wdm.WebDriverManager.handleException(WebDriverManager.java:1442)
at io.github.bonigarcia.wdm.WebDriverManager.manage(WebDriverManager.java:1205)
at io.github.bonigarcia.wdm.WebDriverManager.handleException(WebDriverManager.java:1435)
at io.github.bonigarcia.wdm.WebDriverManager.manage(WebDriverManager.java:1205)
at io.github.bonigarcia.wdm.WebDriverManager.setup(WebDriverManager.java:427)
at TestCase.LoginTestCase.Setup(LoginTestCase.java:22)
at java.base/java.util.ArrayList.forEach(ArrayList.java:1511)
Caused by: java.lang.NumberFormatException: For input string: "public"
at java.base/java.lang.NumberFormatException.forInputString(NumberFormatException.java:67)
at java.base/java.lang.Integer.parseInt(Integer.java:668)
at java.base/java.lang.Integer.parseInt(Integer.java:786)
at io.github.bonigarcia.wdm.managers.ChromeDriverManager.buildUrl(ChromeDriverManager.java:178)
at io.github.bonigarcia.wdm.managers.ChromeDriverManager.buildUrl(ChromeDriverManager.java:155)
at io.github.bonigarcia.wdm.WebDriverManager.download(WebDriverManager.java:1282)
at io.github.bonigarcia.wdm.WebDriverManager.manage(WebDriverManager.java:1199)
... 39 more
... Removed 31 stack frames]]>
    </failure>
  </testcase> <!-- @BeforeMethod Setup -->
  <testcase classname="TestCase.LoginTestCase" name="@AfterMethod TearDown" time="0.0">
    <skipped/>
  </testcase> <!-- @AfterMethod TearDown -->
  <testcase classname="TestCase.LoginTestCase" name="@BeforeMethod Setup" time="0.0">
    <skipped/>
  </testcase> <!-- @BeforeMethod Setup -->
  <testcase classname="TestCase.LoginTestCase" name="@AfterMethod TearDown" time="0.0">
    <skipped/>
  </testcase> <!-- @AfterMethod TearDown -->
  <testcase classname="TestCase.LoginTestCase" name="@BeforeMethod Setup" time="0.0">
    <skipped/>
  </testcase> <!-- @BeforeMethod Setup -->
  <testcase classname="TestCase.LoginTestCase" name="@AfterMethod TearDown" time="0.0">
    <skipped/>
  </testcase> <!-- @AfterMethod TearDown -->
  <testcase classname="TestCase.LoginTestCase" name="@BeforeMethod Setup" time="0.0">
    <skipped/>
  </testcase> <!-- @BeforeMethod Setup -->
  <testcase classname="TestCase.LoginTestCase" name="@AfterMethod TearDown" time="0.0">
    <skipped/>
  </testcase> <!-- @AfterMethod TearDown -->
  <testcase classname="TestCase.LoginTestCase" name="@BeforeMethod Setup" time="0.0">
    <skipped/>
  </testcase> <!-- @BeforeMethod Setup -->
  <testcase classname="TestCase.LoginTestCase" name="@AfterMethod TearDown" time="0.0">
    <skipped/>
  </testcase> <!-- @AfterMethod TearDown -->
  <testcase classname="TestCase.LoginTestCase" name="@BeforeMethod Setup" time="0.0">
    <skipped/>
  </testcase> <!-- @BeforeMethod Setup -->
  <testcase classname="TestCase.LoginTestCase" name="@AfterMethod TearDown" time="0.0">
    <skipped/>
  </testcase> <!-- @AfterMethod TearDown -->
  <testcase classname="TestCase.LoginTestCase" name="@BeforeMethod Setup" time="0.0">
    <skipped/>
  </testcase> <!-- @BeforeMethod Setup -->
  <testcase classname="TestCase.LoginTestCase" name="@AfterMethod TearDown" time="0.0">
    <skipped/>
  </testcase> <!-- @AfterMethod TearDown -->
  <testcase classname="TestCase.LoginTestCase" name="@BeforeMethod Setup" time="0.0">
    <skipped/>
  </testcase> <!-- @BeforeMethod Setup -->
  <testcase classname="TestCase.LoginTestCase" name="@AfterMethod TearDown" time="0.0">
    <skipped/>
  </testcase> <!-- @AfterMethod TearDown -->
  <testcase classname="TestCase.LoginTestCase" name="@BeforeMethod Setup" time="0.0">
    <skipped/>
  </testcase> <!-- @BeforeMethod Setup -->
  <testcase classname="TestCase.LoginTestCase" name="@AfterMethod TearDown" time="0.0">
    <skipped/>
  </testcase> <!-- @AfterMethod TearDown -->
  <testcase classname="TestCase.LoginTestCase" name="@BeforeMethod Setup" time="0.0">
    <skipped/>
  </testcase> <!-- @BeforeMethod Setup -->
  <testcase classname="TestCase.LoginTestCase" name="@AfterMethod TearDown" time="0.0">
    <skipped/>
  </testcase> <!-- @AfterMethod TearDown -->
  <testcase classname="TestCase.LoginTestCase" name="@BeforeMethod Setup" time="0.0">
    <skipped/>
  </testcase> <!-- @BeforeMethod Setup -->
  <testcase classname="TestCase.LoginTestCase" name="@AfterMethod TearDown" time="0.0">
    <skipped/>
  </testcase> <!-- @AfterMethod TearDown -->
  <testcase classname="TestCase.CheckOutTestCase" name="@BeforeMethod Setup" time="0.668">
    <failure type="io.github.bonigarcia.wdm.config.WebDriverManagerException" message="java.lang.NumberFormatException: For input string: &amp;quot;public&amp;quot;">
      <![CDATA[io.github.bonigarcia.wdm.config.WebDriverManagerException: java.lang.NumberFormatException: For input string: "public"
at io.github.bonigarcia.wdm.WebDriverManager.handleException(WebDriverManager.java:1445)
at io.github.bonigarcia.wdm.WebDriverManager.manage(WebDriverManager.java:1205)
at io.github.bonigarcia.wdm.WebDriverManager.fallback(WebDriverManager.java:1461)
at io.github.bonigarcia.wdm.WebDriverManager.handleException(WebDriverManager.java:1442)
at io.github.bonigarcia.wdm.WebDriverManager.manage(WebDriverManager.java:1205)
at io.github.bonigarcia.wdm.WebDriverManager.handleException(WebDriverManager.java:1435)
at io.github.bonigarcia.wdm.WebDriverManager.manage(WebDriverManager.java:1205)
at io.github.bonigarcia.wdm.WebDriverManager.setup(WebDriverManager.java:427)
at TestCase.CheckOutTestCase.Setup(CheckOutTestCase.java:24)
at java.base/java.util.ArrayList.forEach(ArrayList.java:1511)
Caused by: java.lang.NumberFormatException: For input string: "public"
at java.base/java.lang.NumberFormatException.forInputString(NumberFormatException.java:67)
at java.base/java.lang.Integer.parseInt(Integer.java:668)
at java.base/java.lang.Integer.parseInt(Integer.java:786)
at io.github.bonigarcia.wdm.managers.ChromeDriverManager.buildUrl(ChromeDriverManager.java:178)
at io.github.bonigarcia.wdm.managers.ChromeDriverManager.buildUrl(ChromeDriverManager.java:155)
at io.github.bonigarcia.wdm.WebDriverManager.download(WebDriverManager.java:1282)
at io.github.bonigarcia.wdm.WebDriverManager.manage(WebDriverManager.java:1199)
... 39 more
... Removed 31 stack frames]]>
    </failure>
  </testcase> <!-- @BeforeMethod Setup -->
  <testcase classname="TestCase.CheckOutTestCase" name="@AfterMethod TearDown" time="0.0">
    <skipped/>
  </testcase> <!-- @AfterMethod TearDown -->
  <testcase classname="TestCase.CheckOutTestCase" name="@BeforeMethod Setup" time="0.0">
    <skipped/>
  </testcase> <!-- @BeforeMethod Setup -->
  <testcase classname="TestCase.CheckOutTestCase" name="@AfterMethod TearDown" time="0.0">
    <skipped/>
  </testcase> <!-- @AfterMethod TearDown -->
  <testcase classname="TestCase.CheckOutTestCase" name="@BeforeMethod Setup" time="0.0">
    <skipped/>
  </testcase> <!-- @BeforeMethod Setup -->
  <testcase classname="TestCase.CheckOutTestCase" name="@AfterMethod TearDown" time="0.0">
    <skipped/>
  </testcase> <!-- @AfterMethod TearDown -->
  <testcase classname="TestCase.HomeTestCase" name="@BeforeMethod Setup" time="0.496">
    <failure type="io.github.bonigarcia.wdm.config.WebDriverManagerException" message="java.lang.NumberFormatException: For input string: &amp;quot;public&amp;quot;">
      <![CDATA[io.github.bonigarcia.wdm.config.WebDriverManagerException: java.lang.NumberFormatException: For input string: "public"
at io.github.bonigarcia.wdm.WebDriverManager.handleException(WebDriverManager.java:1445)
at io.github.bonigarcia.wdm.WebDriverManager.manage(WebDriverManager.java:1205)
at io.github.bonigarcia.wdm.WebDriverManager.fallback(WebDriverManager.java:1461)
at io.github.bonigarcia.wdm.WebDriverManager.handleException(WebDriverManager.java:1442)
at io.github.bonigarcia.wdm.WebDriverManager.manage(WebDriverManager.java:1205)
at io.github.bonigarcia.wdm.WebDriverManager.handleException(WebDriverManager.java:1435)
at io.github.bonigarcia.wdm.WebDriverManager.manage(WebDriverManager.java:1205)
at io.github.bonigarcia.wdm.WebDriverManager.setup(WebDriverManager.java:427)
at TestCase.HomeTestCase.Setup(HomeTestCase.java:23)
at java.base/java.util.ArrayList.forEach(ArrayList.java:1511)
Caused by: java.lang.NumberFormatException: For input string: "public"
at java.base/java.lang.NumberFormatException.forInputString(NumberFormatException.java:67)
at java.base/java.lang.Integer.parseInt(Integer.java:668)
at java.base/java.lang.Integer.parseInt(Integer.java:786)
at io.github.bonigarcia.wdm.managers.ChromeDriverManager.buildUrl(ChromeDriverManager.java:178)
at io.github.bonigarcia.wdm.managers.ChromeDriverManager.buildUrl(ChromeDriverManager.java:155)
at io.github.bonigarcia.wdm.WebDriverManager.download(WebDriverManager.java:1282)
at io.github.bonigarcia.wdm.WebDriverManager.manage(WebDriverManager.java:1199)
... 39 more
... Removed 31 stack frames]]>
    </failure>
  </testcase> <!-- @BeforeMethod Setup -->
  <testcase classname="TestCase.HomeTestCase" name="@AfterMethod TearDown" time="0.0">
    <skipped/>
  </testcase> <!-- @AfterMethod TearDown -->
  <testcase classname="TestCase.HomeTestCase" name="@BeforeMethod Setup" time="0.0">
    <skipped/>
  </testcase> <!-- @BeforeMethod Setup -->
  <testcase classname="TestCase.HomeTestCase" name="@AfterMethod TearDown" time="0.0">
    <skipped/>
  </testcase> <!-- @AfterMethod TearDown -->
  <testcase classname="TestCase.HomeTestCase" name="@BeforeMethod Setup" time="0.0">
    <skipped/>
  </testcase> <!-- @BeforeMethod Setup -->
  <testcase classname="TestCase.HomeTestCase" name="@AfterMethod TearDown" time="0.0">
    <skipped/>
  </testcase> <!-- @AfterMethod TearDown -->
  <testcase classname="TestCase.HomeTestCase" name="@BeforeMethod Setup" time="0.0">
    <skipped/>
  </testcase> <!-- @BeforeMethod Setup -->
  <testcase classname="TestCase.HomeTestCase" name="@AfterMethod TearDown" time="0.0">
    <skipped/>
  </testcase> <!-- @AfterMethod TearDown -->
  <testcase classname="TestCase.HomeTestCase" name="@BeforeMethod Setup" time="0.0">
    <skipped/>
  </testcase> <!-- @BeforeMethod Setup -->
  <testcase classname="TestCase.HomeTestCase" name="@AfterMethod TearDown" time="0.0">
    <skipped/>
  </testcase> <!-- @AfterMethod TearDown -->
  <testcase classname="TestCase.HomeTestCase" name="@BeforeMethod Setup" time="0.0">
    <skipped/>
  </testcase> <!-- @BeforeMethod Setup -->
  <testcase classname="TestCase.HomeTestCase" name="@AfterMethod TearDown" time="0.0">
    <skipped/>
  </testcase> <!-- @AfterMethod TearDown -->
  <testcase classname="TestCase.HomeTestCase" name="@BeforeMethod Setup" time="0.0">
    <skipped/>
  </testcase> <!-- @BeforeMethod Setup -->
  <testcase classname="TestCase.HomeTestCase" name="@AfterMethod TearDown" time="0.0">
    <skipped/>
  </testcase> <!-- @AfterMethod TearDown -->
  <testcase classname="TestCase.HomeTestCase" name="@BeforeMethod Setup" time="0.0">
    <skipped/>
  </testcase> <!-- @BeforeMethod Setup -->
  <testcase classname="TestCase.HomeTestCase" name="@AfterMethod TearDown" time="0.0">
    <skipped/>
  </testcase> <!-- @AfterMethod TearDown -->
  <testcase classname="TestCase.HomeTestCase" name="@BeforeMethod Setup" time="0.0">
    <skipped/>
  </testcase> <!-- @BeforeMethod Setup -->
  <testcase classname="TestCase.HomeTestCase" name="@AfterMethod TearDown" time="0.0">
    <skipped/>
  </testcase> <!-- @AfterMethod TearDown -->
  <testcase classname="TestCase.HomeTestCase" name="@BeforeMethod Setup" time="0.0">
    <skipped/>
  </testcase> <!-- @BeforeMethod Setup -->
  <testcase classname="TestCase.HomeTestCase" name="@AfterMethod TearDown" time="0.0">
    <skipped/>
  </testcase> <!-- @AfterMethod TearDown -->
  <testcase classname="TestCase.HomeTestCase" name="@BeforeMethod Setup" time="0.0">
    <skipped/>
  </testcase> <!-- @BeforeMethod Setup -->
  <testcase classname="TestCase.HomeTestCase" name="@AfterMethod TearDown" time="0.0">
    <skipped/>
  </testcase> <!-- @AfterMethod TearDown -->
  <testcase classname="TestCase.HomeTestCase" name="@BeforeMethod Setup" time="0.0">
    <skipped/>
  </testcase> <!-- @BeforeMethod Setup -->
  <testcase classname="TestCase.HomeTestCase" name="@AfterMethod TearDown" time="0.0">
    <skipped/>
  </testcase> <!-- @AfterMethod TearDown -->
  <testcase classname="TestCase.HomeTestCase" name="@BeforeMethod Setup" time="0.0">
    <skipped/>
  </testcase> <!-- @BeforeMethod Setup -->
  <testcase classname="TestCase.HomeTestCase" name="@AfterMethod TearDown" time="0.0">
    <skipped/>
  </testcase> <!-- @AfterMethod TearDown -->
  <testcase classname="TestCase.HomeTestCase" name="@BeforeMethod Setup" time="0.0">
    <skipped/>
  </testcase> <!-- @BeforeMethod Setup -->
  <testcase classname="TestCase.HomeTestCase" name="@AfterMethod TearDown" time="0.0">
    <skipped/>
  </testcase> <!-- @AfterMethod TearDown -->
  <testcase classname="TestCase.HomeTestCase" name="@BeforeMethod Setup" time="0.0">
    <skipped/>
  </testcase> <!-- @BeforeMethod Setup -->
  <testcase classname="TestCase.HomeTestCase" name="@AfterMethod TearDown" time="0.0">
    <skipped/>
  </testcase> <!-- @AfterMethod TearDown -->
  <testcase classname="TestCase.CheckOutOverviewTestCase" name="CheckOutOverviewTestCase1" time="0.0">
    <skipped/>
  </testcase> <!-- CheckOutOverviewTestCase1 -->
  <testcase classname="TestCase.CheckOutOverviewTestCase" name="CheckOutOverviewTestCase10" time="0.0">
    <skipped/>
  </testcase> <!-- CheckOutOverviewTestCase10 -->
  <testcase classname="TestCase.CheckOutOverviewTestCase" name="CheckOutOverviewTestCase11" time="0.0">
    <skipped/>
  </testcase> <!-- CheckOutOverviewTestCase11 -->
  <testcase classname="TestCase.CheckOutOverviewTestCase" name="CheckOutOverviewTestCase2" time="0.0">
    <skipped/>
  </testcase> <!-- CheckOutOverviewTestCase2 -->
  <testcase classname="TestCase.CheckOutOverviewTestCase" name="CheckOutOverviewTestCase3" time="0.0">
    <skipped/>
  </testcase> <!-- CheckOutOverviewTestCase3 -->
  <testcase classname="TestCase.CheckOutOverviewTestCase" name="CheckOutOverviewTestCase4" time="0.0">
    <skipped/>
  </testcase> <!-- CheckOutOverviewTestCase4 -->
  <testcase classname="TestCase.CheckOutOverviewTestCase" name="CheckOutOverviewTestCase5" time="0.0">
    <skipped/>
  </testcase> <!-- CheckOutOverviewTestCase5 -->
  <testcase classname="TestCase.CheckOutOverviewTestCase" name="CheckOutOverviewTestCase6" time="0.0">
    <skipped/>
  </testcase> <!-- CheckOutOverviewTestCase6 -->
  <testcase classname="TestCase.CheckOutOverviewTestCase" name="CheckOutOverviewTestCase7" time="0.0">
    <skipped/>
  </testcase> <!-- CheckOutOverviewTestCase7 -->
  <testcase classname="TestCase.CheckOutOverviewTestCase" name="CheckOutOverviewTestCase8" time="0.0">
    <skipped/>
  </testcase> <!-- CheckOutOverviewTestCase8 -->
  <testcase classname="TestCase.CheckOutOverviewTestCase" name="CheckOutOverviewTestCase9" time="0.0">
    <skipped/>
  </testcase> <!-- CheckOutOverviewTestCase9 -->
  <testcase classname="TestCase.CartTestCase" name="CartTestCase1" time="0.0">
    <skipped/>
  </testcase> <!-- CartTestCase1 -->
  <testcase classname="TestCase.CartTestCase" name="CartTestCase10" time="0.001">
    <skipped/>
  </testcase> <!-- CartTestCase10 -->
  <testcase classname="TestCase.CartTestCase" name="CartTestCase11" time="0.0">
    <skipped/>
  </testcase> <!-- CartTestCase11 -->
  <testcase classname="TestCase.CartTestCase" name="CartTestCase12" time="0.0">
    <skipped/>
  </testcase> <!-- CartTestCase12 -->
  <testcase classname="TestCase.CartTestCase" name="CartTestCase13" time="0.0">
    <skipped/>
  </testcase> <!-- CartTestCase13 -->
  <testcase classname="TestCase.CartTestCase" name="CartTestCase14" time="0.0">
    <skipped/>
  </testcase> <!-- CartTestCase14 -->
  <testcase classname="TestCase.CartTestCase" name="CartTestCase2" time="0.0">
    <skipped/>
  </testcase> <!-- CartTestCase2 -->
  <testcase classname="TestCase.CartTestCase" name="CartTestCase3" time="0.0">
    <skipped/>
  </testcase> <!-- CartTestCase3 -->
  <testcase classname="TestCase.CartTestCase" name="CartTestCase4" time="0.0">
    <skipped/>
  </testcase> <!-- CartTestCase4 -->
  <testcase classname="TestCase.CartTestCase" name="CartTestCase5" time="0.0">
    <skipped/>
  </testcase> <!-- CartTestCase5 -->
  <testcase classname="TestCase.CartTestCase" name="CartTestCase6" time="0.001">
    <skipped/>
  </testcase> <!-- CartTestCase6 -->
  <testcase classname="TestCase.CartTestCase" name="CartTestCase7" time="0.0">
    <skipped/>
  </testcase> <!-- CartTestCase7 -->
  <testcase classname="TestCase.CartTestCase" name="CartTestCase8" time="0.0">
    <skipped/>
  </testcase> <!-- CartTestCase8 -->
  <testcase classname="TestCase.CartTestCase" name="CartTestCase9" time="0.0">
    <skipped/>
  </testcase> <!-- CartTestCase9 -->
  <testcase classname="TestCase.CheckoutCompleteTestCase" name="CheckOutCompleteTestCase1" time="0.0">
    <skipped/>
  </testcase> <!-- CheckOutCompleteTestCase1 -->
  <testcase classname="TestCase.CheckoutCompleteTestCase" name="CheckOutCompleteTestCase2" time="0.0">
    <skipped/>
  </testcase> <!-- CheckOutCompleteTestCase2 -->
  <testcase classname="TestCase.LoginTestCase" name="LoginTestCase1" time="0.0">
    <skipped/>
  </testcase> <!-- LoginTestCase1 -->
  <testcase classname="TestCase.LoginTestCase" name="LoginTestCase10" time="0.0">
    <skipped/>
  </testcase> <!-- LoginTestCase10 -->
  <testcase classname="TestCase.LoginTestCase" name="LoginTestCase11" time="0.0">
    <skipped/>
  </testcase> <!-- LoginTestCase11 -->
  <testcase classname="TestCase.LoginTestCase" name="LoginTestCase2" time="0.0">
    <skipped/>
  </testcase> <!-- LoginTestCase2 -->
  <testcase classname="TestCase.LoginTestCase" name="LoginTestCase3" time="0.001">
    <skipped/>
  </testcase> <!-- LoginTestCase3 -->
  <testcase classname="TestCase.LoginTestCase" name="LoginTestCase4" time="0.0">
    <skipped/>
  </testcase> <!-- LoginTestCase4 -->
  <testcase classname="TestCase.LoginTestCase" name="LoginTestCase5" time="0.0">
    <skipped/>
  </testcase> <!-- LoginTestCase5 -->
  <testcase classname="TestCase.LoginTestCase" name="LoginTestCase6" time="0.0">
    <skipped/>
  </testcase> <!-- LoginTestCase6 -->
  <testcase classname="TestCase.LoginTestCase" name="LoginTestCase7" time="0.0">
    <skipped/>
  </testcase> <!-- LoginTestCase7 -->
  <testcase classname="TestCase.LoginTestCase" name="LoginTestCase8" time="0.0">
    <skipped/>
  </testcase> <!-- LoginTestCase8 -->
  <testcase classname="TestCase.LoginTestCase" name="LoginTestCase9" time="0.002">
    <skipped/>
  </testcase> <!-- LoginTestCase9 -->
  <testcase classname="TestCase.CheckOutTestCase" name="CheckOutTestCase1" time="0.0">
    <skipped/>
  </testcase> <!-- CheckOutTestCase1 -->
  <testcase classname="TestCase.CheckOutTestCase" name="CheckOutTestCase2" time="0.0">
    <skipped/>
  </testcase> <!-- CheckOutTestCase2 -->
  <testcase classname="TestCase.CheckOutTestCase" name="CheckOutTestCase3" time="0.0">
    <skipped/>
  </testcase> <!-- CheckOutTestCase3 -->
  <testcase classname="TestCase.HomeTestCase" name="HomeTestCase1" time="0.0">
    <skipped/>
  </testcase> <!-- HomeTestCase1 -->
  <testcase classname="TestCase.HomeTestCase" name="HomeTestCase10" time="0.0">
    <skipped/>
  </testcase> <!-- HomeTestCase10 -->
  <testcase classname="TestCase.HomeTestCase" name="HomeTestCase11" time="0.0">
    <skipped/>
  </testcase> <!-- HomeTestCase11 -->
  <testcase classname="TestCase.HomeTestCase" name="HomeTestCase12" time="0.0">
    <skipped/>
  </testcase> <!-- HomeTestCase12 -->
  <testcase classname="TestCase.HomeTestCase" name="HomeTestCase13" time="0.0">
    <skipped/>
  </testcase> <!-- HomeTestCase13 -->
  <testcase classname="TestCase.HomeTestCase" name="HomeTestCase14" time="0.0">
    <skipped/>
  </testcase> <!-- HomeTestCase14 -->
  <testcase classname="TestCase.HomeTestCase" name="HomeTestCase15" time="0.003">
    <skipped/>
  </testcase> <!-- HomeTestCase15 -->
  <testcase classname="TestCase.HomeTestCase" name="HomeTestCase2" time="0.0">
    <skipped/>
  </testcase> <!-- HomeTestCase2 -->
  <testcase classname="TestCase.HomeTestCase" name="HomeTestCase3" time="0.001">
    <skipped/>
  </testcase> <!-- HomeTestCase3 -->
  <testcase classname="TestCase.HomeTestCase" name="HomeTestCase4" time="0.0">
    <skipped/>
  </testcase> <!-- HomeTestCase4 -->
  <testcase classname="TestCase.HomeTestCase" name="HomeTestCase5" time="0.0">
    <skipped/>
  </testcase> <!-- HomeTestCase5 -->
  <testcase classname="TestCase.HomeTestCase" name="HomeTestCase6" time="0.0">
    <skipped/>
  </testcase> <!-- HomeTestCase6 -->
  <testcase classname="TestCase.HomeTestCase" name="HomeTestCase7" time="0.0">
    <skipped/>
  </testcase> <!-- HomeTestCase7 -->
  <testcase classname="TestCase.HomeTestCase" name="HomeTestCase8" time="0.0">
    <skipped/>
  </testcase> <!-- HomeTestCase8 -->
  <testcase classname="TestCase.HomeTestCase" name="HomeTestCase9" time="0.0">
    <skipped/>
  </testcase> <!-- HomeTestCase9 -->
</testsuite> <!-- Test -->
